
Circuit 1 cell sky130_fd_pr__nfet_01v8 and Circuit 2 cell sky130_fd_pr__nfet_01v8 are black boxes.
Equate elements:  no current cell.
Device classes sky130_fd_pr__nfet_01v8 and sky130_fd_pr__nfet_01v8 are equivalent.

Removing zero-valued device vsrc from cell NMOS.spice (0) makes a better match
Making another compare attempt.

Subcircuit summary:
Circuit 1: NMOS.spice                      |Circuit 2: NMOS_TECH-ICC.spice             
-------------------------------------------|-------------------------------------------
sky130_fd_pr__nfet_01v8 (1)                |sky130_fd_pr__nfet_01v8 (1)                
vsrc (1)                                   |(no matching element)                      
Number of devices: 2 **Mismatch**          |Number of devices: 1 **Mismatch**          
Number of nets: 2 **Mismatch**             |Number of nets: 3 **Mismatch**             
---------------------------------------------------------------------------------------
NET mismatches: Class fragments follow (with fanout counts):
Circuit 1: NMOS.spice                      |Circuit 2: NMOS_TECH-ICC.spice             

---------------------------------------------------------------------------------------
Net: net2                                  |(no matching net)                          
  sky130_fd_pr__nfet_01v8/2 = 1            |                                           
  sky130_fd_pr__nfet_01v8/(1|3) = 1        |                                           
  sky130_fd_pr__nfet_01v8/4 = 1            |                                           
  vsrc/neg = 1                             |                                           
---------------------------------------------------------------------------------------

---------------------------------------------------------------------------------------
(no matching net)                          |Net: a_1880_280#                           
                                           |  sky130_fd_pr__nfet_01v8/2 = 1            
                                           |                                           
(no matching net)                          |Net: a_1910_310#                           
                                           |  sky130_fd_pr__nfet_01v8/(1|3) = 1        
---------------------------------------------------------------------------------------

---------------------------------------------------------------------------------------
Net: net1                                  |Net: a_1640_310#                           
  sky130_fd_pr__nfet_01v8/(1|3) = 1        |  sky130_fd_pr__nfet_01v8/(1|3) = 1        
  vsrc/pos = 1                             |  sky130_fd_pr__nfet_01v8/4 = 1            
---------------------------------------------------------------------------------------
DEVICE mismatches: Class fragments follow (with node fanout counts):
Circuit 1: NMOS.spice                      |Circuit 2: NMOS_TECH-ICC.spice             

---------------------------------------------------------------------------------------
Instance: @&                             |(no matching instance)                     
  pos = 2                                  |                                           
  neg = 4                                  |                                           
---------------------------------------------------------------------------------------

---------------------------------------------------------------------------------------
Instance: sky130_fd_pr__nfet_01v8:M1       |Instance: sky130_fd_pr__nfet_01v8:0        
  (1,3) = (4,2)                            |  (1,3) = (2,1)                            
  2 = 4                                    |  2 = 1                                    
  4 = 4                                    |  4 = 2                                    
---------------------------------------------------------------------------------------
Netlists do not match.
Cells have no pins;  pin matching not needed.
Device classes NMOS.spice and NMOS_TECH-ICC.spice are equivalent.

Final result: Netlists do not match.
