
Circuit 1 cell sky130_fd_pr__nfet_01v8 and Circuit 2 cell sky130_fd_pr__nfet_01v8 are black boxes.
Equate elements:  no current cell.
Device classes sky130_fd_pr__nfet_01v8 and sky130_fd_pr__nfet_01v8 are equivalent.

Circuit 1 cell sky130_fd_pr__pfet_01v8 and Circuit 2 cell sky130_fd_pr__pfet_01v8 are black boxes.
Equate elements:  no current cell.
Device classes sky130_fd_pr__pfet_01v8 and sky130_fd_pr__pfet_01v8 are equivalent.

Subcircuit summary:
Circuit 1: CMOS_NAND_SCHEMATIC.spice       |Circuit 2: CMOS_NAND_test.spice            
-------------------------------------------|-------------------------------------------
sky130_fd_pr__nfet_01v8 (2)                |sky130_fd_pr__nfet_01v8 (4) **Mismatch**   
sky130_fd_pr__pfet_01v8 (2)                |sky130_fd_pr__pfet_01v8 (2)                
vsrc (3)                                   |(no matching element)                      
Number of devices: 7 **Mismatch**          |Number of devices: 6 **Mismatch**          
Number of nets: 6 **Mismatch**             |Number of nets: 9 **Mismatch**             
---------------------------------------------------------------------------------------
NET mismatches: Class fragments follow (with fanout counts):
Circuit 1: CMOS_NAND_SCHEMATIC.spice       |Circuit 2: CMOS_NAND_test.spice            

---------------------------------------------------------------------------------------
(no matching net)                          |Net: VDD                                   
                                           |  sky130_fd_pr__pfet_01v8/(1|3) = 2        
---------------------------------------------------------------------------------------

---------------------------------------------------------------------------------------
(no matching net)                          |Net: a_1660_340#                           
                                           |  sky130_fd_pr__nfet_01v8/4 = 4            
                                           |                                           
(no matching net)                          |Net: Y                                     
                                           |  sky130_fd_pr__pfet_01v8/(1|3) = 2        
                                           |  sky130_fd_pr__pfet_01v8/4 = 2            
---------------------------------------------------------------------------------------

---------------------------------------------------------------------------------------
Net: VDD                                   |(no matching net)                          
  sky130_fd_pr__pfet_01v8/(1|3) = 2        |                                           
  vsrc/pos = 1                             |                                           
                                           |                                           
Net: B                                     |(no matching net)                          
  sky130_fd_pr__pfet_01v8/2 = 1            |                                           
  sky130_fd_pr__nfet_01v8/2 = 1            |                                           
  vsrc/pos = 1                             |                                           
                                           |                                           
Net: net1                                  |(no matching net)                          
  sky130_fd_pr__nfet_01v8/(1|3) = 2        |                                           
  sky130_fd_pr__nfet_01v8/4 = 1            |                                           
                                           |                                           
Net: A                                     |(no matching net)                          
  sky130_fd_pr__nfet_01v8/2 = 1            |                                           
  sky130_fd_pr__pfet_01v8/2 = 1            |                                           
  vsrc/pos = 1                             |                                           
---------------------------------------------------------------------------------------

---------------------------------------------------------------------------------------
Net: GND                                   |(no matching net)                          
  sky130_fd_pr__nfet_01v8/(1|3) = 1        |                                           
  sky130_fd_pr__nfet_01v8/4 = 1            |                                           
  vsrc/neg = 3                             |                                           
                                           |                                           
Net: Y                                     |(no matching net)                          
  sky130_fd_pr__nfet_01v8/(1|3) = 1        |                                           
  sky130_fd_pr__pfet_01v8/(1|3) = 2        |                                           
  sky130_fd_pr__pfet_01v8/4 = 2            |                                           
---------------------------------------------------------------------------------------
DEVICE mismatches: Class fragments follow (with node fanout counts):
Circuit 1: CMOS_NAND_SCHEMATIC.spice       |Circuit 2: CMOS_NAND_test.spice            

---------------------------------------------------------------------------------------
Instance: sky130_fd_pr__nfet_01v8:M1       |(no matching instance)                     
  (1,3) = (5,3)                            |                                           
  2 = 3                                    |                                           
  4 = 3                                    |                                           
                                           |                                           
                                           |                                           
Instance: sky130_fd_pr__nfet_01v8:M4       |(no matching instance)                     
  (1,3) = (5,3)                            |                                           
  2 = 3                                    |                                           
  4 = 5                                    |                                           
                                           |                                           
                                           |                                           
Instance: @&                             |(no matching instance)                     
  pos = 3                                  |                                           
  neg = 5                                  |                                           
                                           |                                           
Instance: @&                             |(no matching instance)                     
  pos = 3                                  |                                           
  neg = 5                                  |                                           
                                           |                                           
Instance: @&                             |(no matching instance)                     
  pos = 3                                  |                                           
  neg = 5                                  |                                           
---------------------------------------------------------------------------------------
Netlists do not match.
Cells have no pins;  pin matching not needed.
Device classes CMOS_NAND_SCHEMATIC.spice and CMOS_NAND_test.spice are equivalent.

Final result: Netlists do not match.
