
Circuit 1 cell sky130_fd_pr__nfet_01v8 and Circuit 2 cell sky130_fd_pr__nfet_01v8 are black boxes.
Equate elements:  no current cell.
Device classes sky130_fd_pr__nfet_01v8 and sky130_fd_pr__nfet_01v8 are equivalent.

Circuit 1 cell sky130_fd_pr__pfet_01v8 and Circuit 2 cell sky130_fd_pr__pfet_01v8 are black boxes.
Equate elements:  no current cell.
Device classes sky130_fd_pr__pfet_01v8 and sky130_fd_pr__pfet_01v8 are equivalent.

Subcircuit summary:
Circuit 1: tmp_schem_with_models.spice     |Circuit 2: CMOS_INVERTER_TECH-ICC.spice    
-------------------------------------------|-------------------------------------------
sky130_fd_pr__nfet_01v8 (1)                |sky130_fd_pr__nfet_01v8 (1)                
sky130_fd_pr__pfet_01v8 (1)                |sky130_fd_pr__pfet_01v8 (1)                
Number of devices: 2                       |Number of devices: 2                       
Number of nets: 4                          |Number of nets: 4                          
---------------------------------------------------------------------------------------
Netlists match uniquely with property errors.
sky130_fd_pr__pfet_01v8:1 vs. sky130_fd_pr__pfet_01v8:1:
 l circuit1: 15   circuit2: 0.15   (delta=196%, cutoff=1%)
 w circuit1: 125   circuit2: 1.25   (delta=196%, cutoff=1%)
sky130_fd_pr__nfet_01v8:0 vs. sky130_fd_pr__nfet_01v8:0:
 l circuit1: 15   circuit2: 0.15   (delta=196%, cutoff=1%)
 w circuit1: 125   circuit2: 1.25   (delta=196%, cutoff=1%)
Cells have no pins;  pin matching not needed.
Device classes tmp_schem_with_models.spice and CMOS_INVERTER_TECH-ICC.spice are equivalent.

Final result: Circuits match uniquely.

